<?xml version="1.0" encoding="UTF-8"?>
<testng-results ignored="0" total="3" passed="2" failed="1" skipped="0">
  <reporter-output>
  </reporter-output>
  <suite started-at="2022-11-16T05:05:27 IST" name="AssurityAPITest_RestAssured" finished-at="2022-11-16T05:05:32 IST" duration-ms="4225">
    <groups>
    </groups>
    <test started-at="2022-11-16T05:05:27 IST" name="API Test" finished-at="2022-11-16T05:05:32 IST" duration-ms="4225">
      <class name="tests.TestCategory_6327">
        <test-method is-config="true" signature="extractResponse()[pri:0, instance:tests.TestCategory_6327@bae7dc0]" started-at="2022-11-16T05:05:28 IST" name="extractResponse" finished-at="2022-11-16T05:05:31 IST" duration-ms="2921" status="PASS">
          <reporter-output>
          </reporter-output>
        </test-method> <!-- extractResponse -->
        <test-method signature="verifyName()[pri:0, instance:tests.TestCategory_6327@bae7dc0]" started-at="2022-11-16T05:05:31 IST" name="verifyName" finished-at="2022-11-16T05:05:31 IST" duration-ms="736" status="FAIL">
          <exception class="java.lang.AssertionError">
            <message>
              <![CDATA[expected [1Carbon credits] but found [Carbon credits]]]>
            </message>
            <full-stacktrace>
              <![CDATA[java.lang.AssertionError: expected [1Carbon credits] but found [Carbon credits]
at org.testng.Assert.fail(Assert.java:110)
at org.testng.Assert.failNotEquals(Assert.java:1413)
at org.testng.Assert.assertEqualsImpl(Assert.java:149)
at org.testng.Assert.assertEquals(Assert.java:131)
at org.testng.Assert.assertEquals(Assert.java:655)
at org.testng.Assert.assertEquals(Assert.java:665)
at tests.TestCategory_6327.verifyName(TestCategory_6327.java:13)
at java.base/jdk.internal.reflect.NativeMethodAccessorImpl.invoke0(Native Method)
at java.base/jdk.internal.reflect.NativeMethodAccessorImpl.invoke(NativeMethodAccessorImpl.java:77)
at java.base/jdk.internal.reflect.DelegatingMethodAccessorImpl.invoke(DelegatingMethodAccessorImpl.java:43)
at java.base/java.lang.reflect.Method.invoke(Method.java:568)
at org.testng.internal.invokers.MethodInvocationHelper.invokeMethod(MethodInvocationHelper.java:139)
at org.testng.internal.invokers.TestInvoker.invokeMethod(TestInvoker.java:677)
at org.testng.internal.invokers.TestInvoker.invokeTestMethod(TestInvoker.java:221)
at org.testng.internal.invokers.MethodRunner.runInSequence(MethodRunner.java:50)
at org.testng.internal.invokers.TestInvoker$MethodInvocationAgent.invoke(TestInvoker.java:962)
at org.testng.internal.invokers.TestInvoker.invokeTestMethods(TestInvoker.java:194)
at org.testng.internal.invokers.TestMethodWorker.invokeTestMethods(TestMethodWorker.java:148)
at org.testng.internal.invokers.TestMethodWorker.run(TestMethodWorker.java:128)
at java.base/java.util.ArrayList.forEach(ArrayList.java:1511)
at org.testng.TestRunner.privateRun(TestRunner.java:806)
at org.testng.TestRunner.run(TestRunner.java:601)
at org.testng.SuiteRunner.runTest(SuiteRunner.java:433)
at org.testng.SuiteRunner.runSequentially(SuiteRunner.java:427)
at org.testng.SuiteRunner.privateRun(SuiteRunner.java:387)
at org.testng.SuiteRunner.run(SuiteRunner.java:330)
at org.testng.SuiteRunnerWorker.runSuite(SuiteRunnerWorker.java:52)
at org.testng.SuiteRunnerWorker.run(SuiteRunnerWorker.java:95)
at org.testng.TestNG.runSuitesSequentially(TestNG.java:1256)
at org.testng.TestNG.runSuitesLocally(TestNG.java:1176)
at org.testng.TestNG.runSuites(TestNG.java:1099)
at org.testng.TestNG.run(TestNG.java:1067)
at org.testng.remote.AbstractRemoteTestNG.run(AbstractRemoteTestNG.java:115)
at org.testng.remote.RemoteTestNG.initAndRun(RemoteTestNG.java:251)
at org.testng.remote.RemoteTestNG.main(RemoteTestNG.java:77)
]]>
            </full-stacktrace>
          </exception> <!-- java.lang.AssertionError -->
          <reporter-output>
          </reporter-output>
        </test-method> <!-- verifyName -->
        <test-method signature="verifyCanRelist()[pri:1, instance:tests.TestCategory_6327@bae7dc0]" started-at="2022-11-16T05:05:31 IST" name="verifyCanRelist" finished-at="2022-11-16T05:05:32 IST" duration-ms="55" status="PASS">
          <reporter-output>
          </reporter-output>
        </test-method> <!-- verifyCanRelist -->
        <test-method signature="verifyDescription()[pri:2, instance:tests.TestCategory_6327@bae7dc0]" started-at="2022-11-16T05:05:32 IST" name="verifyDescription" finished-at="2022-11-16T05:05:32 IST" duration-ms="202" status="PASS">
          <reporter-output>
          </reporter-output>
        </test-method> <!-- verifyDescription -->
      </class> <!-- tests.TestCategory_6327 -->
    </test> <!-- API Test -->
  </suite> <!-- AssurityAPITest_RestAssured -->
</testng-results>
